2025-03-16 04:34:21.515-DEBUG-[gui.py(37) / closeEvent] gui stopping...
2025-03-16 04:34:21.516-INFO-[aaa.py(75) / cleanup] cleanup
2025-03-16 04:34:21.517-INFO-[aaa.py(87) / <module>] ### System Shutdown ###
2025-03-16 04:46:24.690-INFO-[aaa.py(79) / <module>] start ****************************************************************************************************
2025-03-16 04:46:26.015-INFO-[aaa.py(22) / init] ### GUI Mode 로 시작 합니다. ###
2025-03-16 04:46:26.017-DEBUG-[api_server.py(42) / api_init] api api_init start
2025-03-16 04:46:26.479-DEBUG-[api_server.py(45) / api_init] api api_init end: ocx=<PyQt5.QAxContainer.QAxWidget object at 0x0D424B20>
2025-03-16 04:46:26.480-DEBUG-[api_server.py(53) / api_login] login: block=True
2025-03-16 04:46:26.481-DEBUG-[api_server.py(122) / CommConnect] CommConnect: block=True
2025-03-16 04:46:33.422-DEBUG-[api_server.py(178) / OnEventConnect] OnEventConnect: code=0
2025-03-16 04:46:33.423-DEBUG-[api_server.py(180) / OnEventConnect] Login Success
2025-03-16 04:46:36.967-DEBUG-[aaa.py(39) / prepare] api connected
2025-03-16 04:46:36.967-DEBUG-[admin.py(11) / init] admin init
2025-03-16 04:46:36.970-DEBUG-[api_server.py(297) / GetLoginInfo] **************GetLoginInfo: kind=ACCNO, data=8095802711;
2025-03-16 04:46:36.971-DEBUG-[admin.py(28) / get_login_info] GetLoginInfo Accounts: ['8095802711']
2025-03-16 04:46:36.971-DEBUG-[api_server.py(297) / GetLoginInfo] **************GetLoginInfo: kind=GetServerGubun, data=1
2025-03-16 04:46:36.972-DEBUG-[admin.py(35) / get_login_info] 서버:1, 수수료율:0.0035, 세금율:0.0015, 계좌:8095802711
2025-03-16 04:46:36.974-DEBUG-[api_server.py(131) / GetConditionLoad] 전략 요청 : 성공
2025-03-16 04:46:36.987-DEBUG-[classes.py(133) / run] aaa 시작...
2025-03-16 04:46:37.478-DEBUG-[api_server.py(183) / OnReceiveConditionVer] ret=1, msg=[OK] 사용자 조건검색식 읽기
2025-03-16 04:46:37.479-DEBUG-[api_server.py(304) / GetConditionNameList] 
2025-03-16 04:46:37.587-DEBUG-[admin.py(54) / get_conditions] 전략 로드 : [('000', '거래소'), ('001', '코스닥'), ('026', '급등주눌림목'), ('025', '시가갭하락후상승'), ('024', '1분10억'), ('039', '3분30억'), ('044', '3분30억+'), ('005', '3분50억'), ('013', '3분70억'), ('019', '3분30억(장후검색)'), ('027', '전고돌파(1분10억)'), ('040', '전고돌파(3분30억)'), ('043', '전고돌파(3분30억+)'), ('028', '전고돌파(3분70억)'), ('006', '전고돌파(3분30억)-1.1'), ('007', '전고돌파(1분10억)-1.1'), ('017', '전고돌파(1분5억)-1.2'), ('015', '전고돌파(1분10억)-1.2'), ('012', '전고돌파(3분30억)-1.2'), ('041', '전고돌파(3분30억)-1.3'), ('048', '1박2일질질이'), ('061', '기준봉(30분봉스토)12.19'), ('033', '후캔'), ('034', '강남부팅(세력+수급)'), ('035', '낙폭과대장기선근접'), ('054', '못난이20'), ('058', '못난이20+'), ('003', '눌림목1'), ('002', '눌림목'), ('004', '일차조정'), ('008', '상한선돌파(일)'), ('009', '1차저항돌파(일)'), ('010', '시가돌파'), ('016', '250상한선돌파'), ('021', '5이평S패턴(일)'), ('023', '스윙종목발굴'), ('042', '상승장악형'), ('057', '장단기이평밀집'), ('062', '정배열전환(장기이평)'), ('038', '상한선(3분200위)'), ('037', '전고돌파(1분신고거래양)'), ('032', '내1분20억'), ('036', '전고돌파S(1분10억)'), ('022', '5이평S패턴(분)'), ('014', '눌림목돌파'), ('053', '조정중거래량증가'), ('045', '급등주v0.1'), ('011', '급등주발굴'), ('020', '급등주발굴(캐치용)'), ('055', '엔진부스터+10분봉'), ('056', '오전장핫이슈+30분봉'), ('059', '급등주v0.11'), ('060', '급등주v0.2'), ('029', '상승시작관심'), ('031', '필승단타'), ('030', '이얏호-캐치'), ('049', '3분봉단타'), ('051', '3분봉단타v0.1'), ('052', '3분봉단타v0.11'), ('018', '거래량테스트'), ('046', '정배열전환'), ('050', '3분시가돌파'), ('047', '정배열전환(장기이평위)'), ('063', 'A'), ('064', 'B'), ('065', 'C'), ('066', '빼꼼(태웅)'), ('067', '1분봉갭상승'), ('068', 'TEST'), ('069', '매수_전고돌파(1분5억)-1.2'), ('070', '매수_급등주v0.2'), ('071', '코스닥(최근상장제외)'), ('072', '거래소(최근상장제외)'), ('076', '1분10억-매도'), ('074', '장시작3분-매도'), ('075', '장시작3분-매수'), ('073', '3분30억전고돌파-매수'), ('077', '3분30억전고돌파-매도'), ('078', '장시작3분'), ('079', '전고돌파3분5억-매수'), ('080', '전고돌파3분5억-매도'), ('081', '전고돌파3분거래량폭증-매수')]
2025-03-16 04:46:37.589-INFO-[admin.py(56) / get_conditions] 전략 로드 : 총 82개의 전략이 있습니다.
2025-03-16 04:46:37.591-DEBUG-[admin.py(65) / get_strategy_info] 전략정의 JSON 파일을 로드했습니다. data count=1
2025-03-16 04:46:37.592-DEBUG-[admin.py(75) / set_real_remove_all] set_real_remove_all
2025-03-16 04:46:37.593-DEBUG-[api_server.py(109) / SetRealRemove] screen=ALL, del_code=ALL
2025-03-16 04:46:37.598-INFO-[admin.py(79) / get_holdings] * get_holdings *
2025-03-16 04:46:37.599-DEBUG-[api_server.py(109) / SetRealRemove] screen=5100, del_code=ALL
2025-03-16 04:46:37.715-DEBUG-[admin.py(93) / com_SendRequest] com_SendRequest: rqname=잔고합산 trcode=opw00018 input={'계좌번호': '8095802711', '비밀번호': '', '비밀번호입력매체구분': '00', '조회구분': '2'} output=['순번', '총매입금액', '총평가금액', '추정예탁자산', '총평가손익금액', '총수익률(%)'] next=0 screen=1020 form=dict_list timeout=5
2025-03-16 04:46:37.748-INFO-[api_server.py(292) / OnReceiveMsg] screen=1020, rqname=잔고합산, trcode=opw00018, msg=[100000] 모의투자 조회완료
2025-03-16 04:46:37.774-INFO-[admin.py(129) / pri_fx얻기_잔고합산] 잔고합산 얻기 완료: data=
   순번    총매입금액    총평가금액     추정예탁자산  총평가손익금액  총수익률(%)
0   1  3028540  3080700  491768621    26189     0.86
2025-03-16 04:46:37.775-INFO-[admin.py(132) / pri_fx얻기_잔고합산] 잔고합산 얻기 완료: data count=1
2025-03-16 04:46:37.902-DEBUG-[admin.py(93) / com_SendRequest] com_SendRequest: rqname=잔고목록 trcode=opw00018 input={'계좌번호': '8095802711', '비밀번호': '', '비밀번호입력매체구분': '00', '조회구분': '2'} output=['종목번호', '종목명', '보유수량', '매입가', '매입금액', '현재가', '평가금액', '평가손익', '수익률(%)'] next=0 screen=1030 form=dict_list timeout=5
2025-03-16 04:46:37.918-INFO-[api_server.py(292) / OnReceiveMsg] screen=1030, rqname=잔고목록, trcode=opw00018, msg=[100000] 모의투자 조회완료
2025-03-16 04:46:37.923-DEBUG-[admin.py(148) / pri_fx얻기_잔고목록] 잔고목록 얻기: data count=3, remain=False
2025-03-16 04:46:37.967-INFO-[admin.py(158) / pri_fx얻기_잔고목록] 잔고목록 얻기 완료: data=
  전략    종목번호    종목명  보유수량    매입가     매입금액    현재가     평가금액    평가손익  수익률(%)  시가  고가  저가  전일대비  등락율  누적거래량  거래량  최고가  매수수량  매수가  매수금액  보존  이익보존율  감시  감시시작율  상태 매수전략 전략명칭 매수일자 매수시간 매수번호
0     022100  포스코DX    35  28050   981750  27600   966000  -24009   -2.45   0   0   0     0  0.0      0    0    0     0    0     0   0    0.0   0    0.0   0                         
1     183300    코미코    21  49500  1039500  55500  1165500  116552   11.21   0   0   0     0  0.0      0    0    0     0    0     0   0    0.0   0    0.0   0                         
2     368770  파이버프로   120   8394  1007290   7910   949200  -66353   -6.59   0   0   0     0  0.0      0    0    0     0    0     0   0    0.0   0    0.0   0                         
2025-03-16 04:46:37.969-ERROR-[admin.py(170) / pri_fx등록_종목감시] 실시간 시세 요청 오류: AttributeError - 'GlobalMemory' object has no attribute 'dt'
Traceback (most recent call last):
  File "c:\Users\fontjuna\OneDrive\문서\Develop_python\a_prj\aaa\admin.py", line 165, in pri_fx등록_종목감시
    codes = gm.dt.잔고목록.get(column='종목번호')
AttributeError: 'GlobalMemory' object has no attribute 'dt'
2025-03-16 04:46:37.971-ERROR-[aaa.py(83) / <module>] 'Admin' object has no attribute 'cdn_fx실행_전략매매'
Traceback (most recent call last):
  File "c:\Users\fontjuna\OneDrive\문서\Develop_python\a_prj\aaa\aaa.py", line 81, in <module>
    exit_code = main.main()
  File "c:\Users\fontjuna\OneDrive\문서\Develop_python\a_prj\aaa\aaa.py", line 69, in main
    self.prepare()
  File "c:\Users\fontjuna\OneDrive\문서\Develop_python\a_prj\aaa\aaa.py", line 40, in prepare
    gm.pro.admin.init()
  File "c:\Users\fontjuna\OneDrive\문서\Develop_python\a_prj\aaa\admin.py", line 23, in init
    self.set_strategies()
  File "c:\Users\fontjuna\OneDrive\문서\Develop_python\a_prj\aaa\admin.py", line 87, in set_strategies
    self.cdn_fx실행_전략매매()
AttributeError: 'Admin' object has no attribute 'cdn_fx실행_전략매매'
2025-03-16 04:46:37.974-INFO-[aaa.py(75) / cleanup] cleanup
2025-03-16 04:46:37.975-INFO-[aaa.py(87) / <module>] ### System Shutdown ###
2025-03-16 06:07:19.536-INFO-[aaa.py(79) / <module>] start ****************************************************************************************************
2025-03-16 06:07:21.351-INFO-[aaa.py(22) / init] ### GUI Mode 로 시작 합니다. ###
2025-03-16 06:07:21.397-DEBUG-[api_server.py(42) / api_init] api api_init start
2025-03-16 06:07:21.989-DEBUG-[api_server.py(45) / api_init] api api_init end: ocx=<PyQt5.QAxContainer.QAxWidget object at 0x0BD75B68>
2025-03-16 06:07:21.991-DEBUG-[api_server.py(53) / api_login] login: block=True
2025-03-16 06:07:21.992-DEBUG-[api_server.py(122) / CommConnect] CommConnect: block=True
2025-03-16 06:07:30.081-DEBUG-[api_server.py(178) / OnEventConnect] OnEventConnect: code=0
2025-03-16 06:07:30.082-DEBUG-[api_server.py(180) / OnEventConnect] Login Success
2025-03-16 06:07:34.204-DEBUG-[aaa.py(39) / prepare] api connected
2025-03-16 06:07:34.205-DEBUG-[admin.py(11) / init] admin init
2025-03-16 06:07:34.209-DEBUG-[api_server.py(297) / GetLoginInfo] **************GetLoginInfo: kind=ACCNO, data=8095802711;
2025-03-16 06:07:34.210-DEBUG-[admin.py(28) / get_login_info] GetLoginInfo Accounts: ['8095802711']
2025-03-16 06:07:34.211-DEBUG-[api_server.py(297) / GetLoginInfo] **************GetLoginInfo: kind=GetServerGubun, data=1
2025-03-16 06:07:34.212-DEBUG-[admin.py(35) / get_login_info] 서버:1, 수수료율:0.0035, 세금율:0.0015, 계좌:8095802711
2025-03-16 06:07:34.215-DEBUG-[api_server.py(131) / GetConditionLoad] 전략 요청 : 성공
2025-03-16 06:07:34.220-DEBUG-[classes.py(133) / run] aaa 시작...
2025-03-16 06:07:34.978-DEBUG-[api_server.py(183) / OnReceiveConditionVer] ret=1, msg=[OK] 사용자 조건검색식 읽기
2025-03-16 06:07:34.991-DEBUG-[api_server.py(304) / GetConditionNameList] 
2025-03-16 06:07:35.136-DEBUG-[admin.py(54) / get_conditions] 전략 로드 : [('000', '거래소'), ('001', '코스닥'), ('026', '급등주눌림목'), ('025', '시가갭하락후상승'), ('024', '1분10억'), ('039', '3분30억'), ('044', '3분30억+'), ('005', '3분50억'), ('013', '3분70억'), ('019', '3분30억(장후검색)'), ('027', '전고돌파(1분10억)'), ('040', '전고돌파(3분30억)'), ('043', '전고돌파(3분30억+)'), ('028', '전고돌파(3분70억)'), ('006', '전고돌파(3분30억)-1.1'), ('007', '전고돌파(1분10억)-1.1'), ('017', '전고돌파(1분5억)-1.2'), ('015', '전고돌파(1분10억)-1.2'), ('012', '전고돌파(3분30억)-1.2'), ('041', '전고돌파(3분30억)-1.3'), ('048', '1박2일질질이'), ('061', '기준봉(30분봉스토)12.19'), ('033', '후캔'), ('034', '강남부팅(세력+수급)'), ('035', '낙폭과대장기선근접'), ('054', '못난이20'), ('058', '못난이20+'), ('003', '눌림목1'), ('002', '눌림목'), ('004', '일차조정'), ('008', '상한선돌파(일)'), ('009', '1차저항돌파(일)'), ('010', '시가돌파'), ('016', '250상한선돌파'), ('021', '5이평S패턴(일)'), ('023', '스윙종목발굴'), ('042', '상승장악형'), ('057', '장단기이평밀집'), ('062', '정배열전환(장기이평)'), ('038', '상한선(3분200위)'), ('037', '전고돌파(1분신고거래양)'), ('032', '내1분20억'), ('036', '전고돌파S(1분10억)'), ('022', '5이평S패턴(분)'), ('014', '눌림목돌파'), ('053', '조정중거래량증가'), ('045', '급등주v0.1'), ('011', '급등주발굴'), ('020', '급등주발굴(캐치용)'), ('055', '엔진부스터+10분봉'), ('056', '오전장핫이슈+30분봉'), ('059', '급등주v0.11'), ('060', '급등주v0.2'), ('029', '상승시작관심'), ('031', '필승단타'), ('030', '이얏호-캐치'), ('049', '3분봉단타'), ('051', '3분봉단타v0.1'), ('052', '3분봉단타v0.11'), ('018', '거래량테스트'), ('046', '정배열전환'), ('050', '3분시가돌파'), ('047', '정배열전환(장기이평위)'), ('063', 'A'), ('064', 'B'), ('065', 'C'), ('066', '빼꼼(태웅)'), ('067', '1분봉갭상승'), ('068', 'TEST'), ('069', '매수_전고돌파(1분5억)-1.2'), ('070', '매수_급등주v0.2'), ('071', '코스닥(최근상장제외)'), ('072', '거래소(최근상장제외)'), ('076', '1분10억-매도'), ('074', '장시작3분-매도'), ('075', '장시작3분-매수'), ('073', '3분30억전고돌파-매수'), ('077', '3분30억전고돌파-매도'), ('078', '장시작3분'), ('079', '전고돌파3분5억-매수'), ('080', '전고돌파3분5억-매도'), ('081', '전고돌파3분거래량폭증-매수')]
2025-03-16 06:07:35.139-INFO-[admin.py(56) / get_conditions] 전략 로드 : 총 82개의 전략이 있습니다.
2025-03-16 06:07:35.143-DEBUG-[admin.py(65) / get_strategy_info] 전략정의 JSON 파일을 로드했습니다. data count=1
2025-03-16 06:07:35.148-DEBUG-[admin.py(75) / set_real_remove_all] set_real_remove_all
2025-03-16 06:07:35.153-DEBUG-[api_server.py(109) / SetRealRemove] screen=ALL, del_code=ALL
2025-03-16 06:07:35.157-INFO-[admin.py(79) / get_holdings] * get_holdings *
2025-03-16 06:07:35.158-DEBUG-[api_server.py(109) / SetRealRemove] screen=5100, del_code=ALL
2025-03-16 06:07:35.287-DEBUG-[admin.py(93) / com_SendRequest] com_SendRequest: rqname=잔고합산 trcode=opw00018 input={'계좌번호': '8095802711', '비밀번호': '', '비밀번호입력매체구분': '00', '조회구분': '2'} output=['순번', '총매입금액', '총평가금액', '추정예탁자산', '총평가손익금액', '총수익률(%)'] next=0 screen=1020 form=dict_list timeout=5
2025-03-16 06:07:35.322-INFO-[api_server.py(292) / OnReceiveMsg] screen=1020, rqname=잔고합산, trcode=opw00018, msg=[100000] 모의투자 조회완료
2025-03-16 06:07:35.386-INFO-[admin.py(129) / pri_fx얻기_잔고합산] 잔고합산 얻기 완료: data=
   순번    총매입금액    총평가금액     추정예탁자산  총평가손익금액  총수익률(%)
0   1  3028540  3080700  491768621    26189     0.86
2025-03-16 06:07:35.387-INFO-[admin.py(132) / pri_fx얻기_잔고합산] 잔고합산 얻기 완료: data count=1
2025-03-16 06:07:35.498-DEBUG-[admin.py(93) / com_SendRequest] com_SendRequest: rqname=잔고목록 trcode=opw00018 input={'계좌번호': '8095802711', '비밀번호': '', '비밀번호입력매체구분': '00', '조회구분': '2'} output=['종목번호', '종목명', '보유수량', '매입가', '매입금액', '현재가', '평가금액', '평가손익', '수익률(%)'] next=0 screen=1030 form=dict_list timeout=5
2025-03-16 06:07:35.512-INFO-[api_server.py(292) / OnReceiveMsg] screen=1030, rqname=잔고목록, trcode=opw00018, msg=[100000] 모의투자 조회완료
2025-03-16 06:07:35.518-DEBUG-[admin.py(148) / pri_fx얻기_잔고목록] 잔고목록 얻기: data count=3, remain=False
2025-03-16 06:07:35.566-INFO-[admin.py(158) / pri_fx얻기_잔고목록] 잔고목록 얻기 완료: data=
  전략    종목번호    종목명  보유수량    매입가     매입금액    현재가     평가금액    평가손익  수익률(%)  시가  고가  저가  전일대비  등락율  누적거래량  거래량  최고가  매수수량  매수가  매수금액  보존  이익보존율  감시  감시시작율  상태 매수전략 전략명칭 매수일자 매수시간 매수번호
0     022100  포스코DX    35  28050   981750  27600   966000  -24009   -2.45   0   0   0     0  0.0      0    0    0     0    0     0   0    0.0   0    0.0   0                         
1     183300    코미코    21  49500  1039500  55500  1165500  116552   11.21   0   0   0     0  0.0      0    0    0     0    0     0   0    0.0   0    0.0   0                         
2     368770  파이버프로   120   8394  1007290   7910   949200  -66353   -6.59   0   0   0     0  0.0      0    0    0     0    0     0   0    0.0   0    0.0   0                         
2025-03-16 06:07:35.572-ERROR-[admin.py(184) / cdn_fx준비_전략매매] 전략 매매 설정 오류: NameError - name 'Strategy' is not defined
Traceback (most recent call last):
  File "c:\Users\fontjuna\OneDrive\문서\Develop_python\a_prj\aaa\admin.py", line 176, in cdn_fx준비_전략매매
    strategy = Strategy(0) # 전략00 추가
NameError: name 'Strategy' is not defined
2025-03-16 06:07:35.574-DEBUG-[gui.py(45) / init] gui init
2025-03-16 06:07:35.575-DEBUG-[gui.py(115) / set_widgets] 
2025-03-16 06:07:35.748-DEBUG-[gui.py(152) / set_widget_events] 
2025-03-16 06:07:35.751-INFO-[gui.py(171) / gui_log_level_set] 로깅 설정 변경: INFO = False
2025-03-16 06:07:35.754-INFO-[gui.py(171) / gui_log_level_set] 로깅 설정 변경: DEBUG = True
2025-03-16 06:07:49.460-DEBUG-[gui.py(37) / closeEvent] gui stopping...
2025-03-16 06:07:49.462-INFO-[aaa.py(75) / cleanup] cleanup
2025-03-16 06:07:49.468-INFO-[aaa.py(87) / <module>] ### System Shutdown ###
